# JRE version: OpenJDK Runtime Environment Temurin-17.0.6+10 (17.0.6+10) (build 17.0.6+10)
# Java VM: OpenJDK 64-Bit Server VM Temurin-17.0.6+10 (17.0.6+10, mixed mode, emulated-client, tiered, compressed oops, compressed class ptrs, g1 gc, windows-amd64)
GC Precious Log:
 CPUs: 12 total, 12 available
 Memory: 8009M
 Large Page Support: Disabled
 NUMA Support: Disabled
 Compressed Oops: Enabled (32-bit)
 Heap Region Size: 1M
 Heap Min Capacity: 8M
 Heap Initial Capacity: 126M
 Heap Max Capacity: 1G
 Pre-touch: Disabled
 Parallel Workers: 10
 Concurrent Workers: 3
 Concurrent Refinement Workers: 10
 Periodic GC: Disabled
Heap:
 garbage-first heap   total 126976K, used 42749K [0x00000000c0000000, 0x0000000100000000)
  region size 1024K, 1 young (1024K), 0 survivors (0K)
 Metaspace       used 63497K, committed 64000K, reserved 1105920K
  class space    used 8613K, committed 8832K, reserved 1048576K
GC Heap History (20 events):
Event: 779134.965 GC heap before
{Heap before GC invocations=23977 (full 23547):
 garbage-first heap   total 126976K, used 42749K [0x00000000c0000000, 0x0000000100000000)
  region size 1024K, 1 young (1024K), 0 survivors (0K)
 Metaspace       used 63497K, committed 64000K, reserved 1105920K
  class space    used 8613K, committed 8832K, reserved 1048576K
}
Event: 779135.129 GC heap after
{Heap after GC invocations=23978 (full 23548):
 garbage-first heap   total 126976K, used 42749K [0x00000000c0000000, 0x0000000100000000)
  region size 1024K, 0 young (0K), 0 survivors (0K)
 Metaspace       used 63497K, committed 64000K, reserved 1105920K
  class space    used 8613K, committed 8832K, reserved 1048576K
}
Event: 779145.536 GC heap before
{Heap before GC invocations=23978 (full 23548):
 garbage-first heap   total 126976K, used 42749K [0x00000000c0000000, 0x0000000100000000)
  region size 1024K, 1 young (1024K), 0 survivors (0K)
 Metaspace       used 63497K, committed 64000K, reserved 1105920K
  class space    used 8613K, committed 8832K, reserved 1048576K
}
Event: 779145.651 GC heap after
{Heap after GC invocations=23979 (full 23549):
 garbage-first heap   total 126976K, used 42749K [0x00000000c0000000, 0x0000000100000000)
  region size 1024K, 0 young (0K), 0 survivors (0K)
 Metaspace       used 63497K, committed 64000K, reserved 1105920K
  class space    used 8613K, committed 8832K, reserved 1048576K
}
Event: 779156.064 GC heap before
{Heap before GC invocations=23979 (full 23549):
 garbage-first heap   total 126976K, used 42749K [0x00000000c0000000, 0x0000000100000000)
  region size 1024K, 1 young (1024K), 0 survivors (0K)
 Metaspace       used 63497K, committed 64000K, reserved 1105920K
  class space    used 8613K, committed 8832K, reserved 1048576K
}
Event: 779156.178 GC heap after
{Heap after GC invocations=23980 (full 23550):
 garbage-first heap   total 126976K, used 42749K [0x00000000c0000000, 0x0000000100000000)
  region size 1024K, 0 young (0K), 0 survivors (0K)
 Metaspace       used 63497K, committed 64000K, reserved 1105920K
  class space    used 8613K, committed 8832K, reserved 1048576K
}
Event: 779166.616 GC heap before
{Heap before GC invocations=23980 (full 23550):
 garbage-first heap   total 126976K, used 42749K [0x00000000c0000000, 0x0000000100000000)
  region size 1024K, 1 young (1024K), 0 survivors (0K)
 Metaspace       used 63497K, committed 64000K, reserved 1105920K
  class space    used 8613K, committed 8832K, reserved 1048576K
}
Event: 779166.738 GC heap after
{Heap after GC invocations=23981 (full 23551):
 garbage-first heap   total 126976K, used 42749K [0x00000000c0000000, 0x0000000100000000)
  region size 1024K, 0 young (0K), 0 survivors (0K)
 Metaspace       used 63497K, committed 64000K, reserved 1105920K
  class space    used 8613K, committed 8832K, reserved 1048576K
}
Event: 779177.199 GC heap before
{Heap before GC invocations=23981 (full 23551):
 garbage-first heap   total 126976K, used 42749K [0x00000000c0000000, 0x0000000100000000)
  region size 1024K, 1 young (1024K), 0 survivors (0K)
 Metaspace       used 63497K, committed 64000K, reserved 1105920K
  class space    used 8613K, committed 8832K, reserved 1048576K
}
Event: 779177.356 GC heap after
{Heap after GC invocations=23982 (full 23552):
 garbage-first heap   total 126976K, used 42749K [0x00000000c0000000, 0x0000000100000000)
  region size 1024K, 0 young (0K), 0 survivors (0K)
 Metaspace       used 63497K, committed 64000K, reserved 1105920K
  class space    used 8613K, committed 8832K, reserved 1048576K
}
Event: 779187.934 GC heap before
{Heap before GC invocations=23982 (full 23552):
 garbage-first heap   total 126976K, used 42749K [0x00000000c0000000, 0x0000000100000000)
  region size 1024K, 1 young (1024K), 0 survivors (0K)
 Metaspace       used 63497K, committed 64000K, reserved 1105920K
  class space    used 8613K, committed 8832K, reserved 1048576K
}
Event: 779188.102 GC heap after
{Heap after GC invocations=23983 (full 23553):
 garbage-first heap   total 126976K, used 42749K [0x00000000c0000000, 0x0000000100000000)
  region size 1024K, 0 young (0K), 0 survivors (0K)
 Metaspace       used 63497K, committed 64000K, reserved 1105920K
  class space    used 8613K, committed 8832K, reserved 1048576K
}
Event: 779198.556 GC heap before
{Heap before GC invocations=23983 (full 23553):
 garbage-first heap   total 126976K, used 42749K [0x00000000c0000000, 0x0000000100000000)
  region size 1024K, 1 young (1024K), 0 survivors (0K)
 Metaspace       used 63497K, committed 64000K, reserved 1105920K
  class space    used 8613K, committed 8832K, reserved 1048576K
}
Event: 779198.683 GC heap after
{Heap after GC invocations=23984 (full 23554):
 garbage-first heap   total 126976K, used 42749K [0x00000000c0000000, 0x0000000100000000)
  region size 1024K, 0 young (0K), 0 survivors (0K)
 Metaspace       used 63497K, committed 64000K, reserved 1105920K
  class space    used 8613K, committed 8832K, reserved 1048576K
}
Event: 779209.125 GC heap before
{Heap before GC invocations=23984 (full 23554):
 garbage-first heap   total 126976K, used 42749K [0x00000000c0000000, 0x0000000100000000)
  region size 1024K, 1 young (1024K), 0 survivors (0K)
 Metaspace       used 63497K, committed 64000K, reserved 1105920K
  class space    used 8613K, committed 8832K, reserved 1048576K
}
Event: 779209.262 GC heap after
{Heap after GC invocations=23985 (full 23555):
 garbage-first heap   total 126976K, used 42749K [0x00000000c0000000, 0x0000000100000000)
  region size 1024K, 0 young (0K), 0 survivors (0K)
 Metaspace       used 63497K, committed 64000K, reserved 1105920K
  class space    used 8613K, committed 8832K, reserved 1048576K
}
Event: 779219.703 GC heap before
{Heap before GC invocations=23985 (full 23555):
 garbage-first heap   total 126976K, used 42749K [0x00000000c0000000, 0x0000000100000000)
  region size 1024K, 1 young (1024K), 0 survivors (0K)
 Metaspace       used 63497K, committed 64000K, reserved 1105920K
  class space    used 8613K, committed 8832K, reserved 1048576K
}
Event: 779219.825 GC heap after
{Heap after GC invocations=23986 (full 23556):
 garbage-first heap   total 126976K, used 42749K [0x00000000c0000000, 0x0000000100000000)
  region size 1024K, 0 young (0K), 0 survivors (0K)
 Metaspace       used 63497K, committed 64000K, reserved 1105920K
  class space    used 8613K, committed 8832K, reserved 1048576K
}
Event: 779230.467 GC heap before
{Heap before GC invocations=23986 (full 23556):
 garbage-first heap   total 126976K, used 42749K [0x00000000c0000000, 0x0000000100000000)
  region size 1024K, 1 young (1024K), 0 survivors (0K)
 Metaspace       used 63497K, committed 64000K, reserved 1105920K
  class space    used 8613K, committed 8832K, reserved 1048576K
}
Event: 779230.651 GC heap after
{Heap after GC invocations=23987 (full 23557):
 garbage-first heap   total 126976K, used 42749K [0x00000000c0000000, 0x0000000100000000)
  region size 1024K, 0 young (0K), 0 survivors (0K)
 Metaspace       used 63497K, committed 64000K, reserved 1105920K
  class space    used 8613K, committed 8832K, reserved 1048576K
}

